<?xml version="1.0" encoding="UTF-8"?>
<testng-results skipped="0" failed="0" total="1" passed="1">
  <reporter-output>
  </reporter-output>
  <suite name="Default suite" duration-ms="10590" started-at="2017-10-26T23:22:32Z" finished-at="2017-10-26T23:22:43Z">
    <groups>
    </groups>
    <test name="Default test" duration-ms="10590" started-at="2017-10-26T23:22:32Z" finished-at="2017-10-26T23:22:43Z">
      <class name="testcases.TC_001">
        <test-method status="PASS" signature="testcase1()[pri:0, instance:testcases.TC_001@13969fbe]" name="testcase1" duration-ms="10571" started-at="2017-10-26T18:22:32Z" finished-at="2017-10-26T18:22:43Z">
          <reporter-output>
          </reporter-output>
        </test-method> <!-- testcase1 -->
      </class> <!-- testcases.TC_001 -->
    </test> <!-- Default test -->
  </suite> <!-- Default suite -->
</testng-results>
